739:C 23 Mar 2026 17:19:08.749 # oO0OoO0OoO0Oo Redis is starting oO0OoO0OoO0Oo
739:C 23 Mar 2026 17:19:08.750 # Redis version=7.0.15, bits=64, commit=00000000, modified=0, pid=739, just started
739:C 23 Mar 2026 17:19:08.750 # Warning: no config file specified, using the default config. In order to specify a config file use redis-server /path/to/redis.conf
739:M 23 Mar 2026 17:19:08.754 * Increased maximum number of open files to 10032 (it was originally set to 1024).
739:M 23 Mar 2026 17:19:08.754 * monotonic clock: POSIX clock_gettime
739:M 23 Mar 2026 17:19:08.766 * Running mode=standalone, port=6379.
739:M 23 Mar 2026 17:19:08.767 # WARNING: The TCP backlog setting of 511 cannot be enforced because /proc/sys/net/core/somaxconn is set to the lower value of 128.
739:M 23 Mar 2026 17:19:08.786 # Server initialized
739:M 23 Mar 2026 17:19:08.786 # WARNING Memory overcommit must be enabled! Without it, a background save or replication may fail under low memory condition. Being disabled, it can can also cause failures without low memory condition, see https://github.com/jemalloc/jemalloc/issues/1328. To fix this issue add 'vm.overcommit_memory = 1' to /etc/sysctl.conf and then reboot or run the command 'sysctl vm.overcommit_memory=1' for this to take effect.
739:M 23 Mar 2026 17:19:08.795 * Loading RDB produced by version 7.0.15
739:M 23 Mar 2026 17:19:08.795 * RDB age 12 seconds
739:M 23 Mar 2026 17:19:08.795 * RDB memory usage when created 0.84 Mb
739:M 23 Mar 2026 17:19:08.795 * Done loading RDB, keys loaded: 0, keys expired: 0.
739:M 23 Mar 2026 17:19:08.796 * DB loaded from disk: 0.003 seconds
739:M 23 Mar 2026 17:19:08.796 * Ready to accept connections
739:M 23 Mar 2026 18:19:09.097 * 1 changes in 3600 seconds. Saving...
739:M 23 Mar 2026 18:19:09.252 * Background saving started by pid 856
856:C 23 Mar 2026 18:19:09.819 * DB saved on disk
856:C 23 Mar 2026 18:19:09.836 * Fork CoW for RDB: current 0 MB, peak 0 MB, average 0 MB
739:M 23 Mar 2026 18:19:09.866 * Background saving terminated with success
739:M 23 Mar 2026 21:41:34.523 * 1 changes in 3600 seconds. Saving...
739:M 23 Mar 2026 21:41:34.527 * Background saving started by pid 857
857:C 23 Mar 2026 21:41:38.188 * DB saved on disk
857:C 23 Mar 2026 21:41:38.272 * Fork CoW for RDB: current 0 MB, peak 0 MB, average 0 MB
739:M 23 Mar 2026 21:41:38.329 * Background saving terminated with success
739:M 26 Mar 2026 06:09:10.641 * 1 changes in 3600 seconds. Saving...
739:M 26 Mar 2026 06:09:10.656 * Background saving started by pid 859
859:C 26 Mar 2026 06:09:10.723 * DB saved on disk
859:C 26 Mar 2026 06:09:10.737 * Fork CoW for RDB: current 0 MB, peak 0 MB, average 0 MB
739:M 26 Mar 2026 06:09:10.791 * Background saving terminated with success
739:M 26 Mar 2026 07:09:11.087 * 1 changes in 3600 seconds. Saving...
739:M 26 Mar 2026 07:09:11.190 * Background saving started by pid 860
860:C 26 Mar 2026 07:09:11.679 * DB saved on disk
860:C 26 Mar 2026 07:09:11.691 * Fork CoW for RDB: current 0 MB, peak 0 MB, average 0 MB
739:M 26 Mar 2026 07:09:11.752 * Background saving terminated with success
